ERROR - 2022-05-11 12:02:54 --> mysqli_sql_exception: Unknown column '9andar' in 'where clause' in /opt/lampp/htdocs/inventario/system/Database/MySQLi/Connection.php:314
Stack trace:
#0 /opt/lampp/htdocs/inventario/system/Database/MySQLi/Connection.php(314): mysqli->query('SELECT * FROM p...')
#1 /opt/lampp/htdocs/inventario/system/Database/BaseConnection.php(713): CodeIgniter\Database\MySQLi\Connection->execute('SELECT * FROM p...')
#2 /opt/lampp/htdocs/inventario/system/Database/BaseConnection.php(641): CodeIgniter\Database\BaseConnection->simpleQuery('SELECT * FROM p...')
#3 /opt/lampp/htdocs/inventario/app/Controllers/Crud.php(307): CodeIgniter\Database\BaseConnection->query('SELECT * FROM p...')
#4 /opt/lampp/htdocs/inventario/system/CodeIgniter.php(937): App\Controllers\Crud->search_single_data()
#5 /opt/lampp/htdocs/inventario/system/CodeIgniter.php(432): CodeIgniter\CodeIgniter->runController(Object(App\Controllers\Crud))
#6 /opt/lampp/htdocs/inventario/system/CodeIgniter.php(333): CodeIgniter\CodeIgniter->handleRequest(NULL, Object(Config\Cache), false)
#7 /opt/lampp/htdocs/inventario/index.php(44): CodeIgniter\CodeIgniter->run()
#8 {main}
ERROR - 2022-05-11 12:02:55 --> mysqli_sql_exception: Unknown column '9andar' in 'where clause' in /opt/lampp/htdocs/inventario/system/Database/MySQLi/Connection.php:314
Stack trace:
#0 /opt/lampp/htdocs/inventario/system/Database/MySQLi/Connection.php(314): mysqli->query('SELECT * FROM p...')
#1 /opt/lampp/htdocs/inventario/system/Database/BaseConnection.php(713): CodeIgniter\Database\MySQLi\Connection->execute('SELECT * FROM p...')
#2 /opt/lampp/htdocs/inventario/system/Database/BaseConnection.php(641): CodeIgniter\Database\BaseConnection->simpleQuery('SELECT * FROM p...')
#3 /opt/lampp/htdocs/inventario/app/Controllers/Crud.php(307): CodeIgniter\Database\BaseConnection->query('SELECT * FROM p...')
#4 /opt/lampp/htdocs/inventario/system/CodeIgniter.php(937): App\Controllers\Crud->search_single_data()
#5 /opt/lampp/htdocs/inventario/system/CodeIgniter.php(432): CodeIgniter\CodeIgniter->runController(Object(App\Controllers\Crud))
#6 /opt/lampp/htdocs/inventario/system/CodeIgniter.php(333): CodeIgniter\CodeIgniter->handleRequest(NULL, Object(Config\Cache), false)
#7 /opt/lampp/htdocs/inventario/index.php(44): CodeIgniter\CodeIgniter->run()
#8 {main}
ERROR - 2022-05-11 12:02:56 --> mysqli_sql_exception: Unknown column '9andar' in 'where clause' in /opt/lampp/htdocs/inventario/system/Database/MySQLi/Connection.php:314
Stack trace:
#0 /opt/lampp/htdocs/inventario/system/Database/MySQLi/Connection.php(314): mysqli->query('SELECT * FROM p...')
#1 /opt/lampp/htdocs/inventario/system/Database/BaseConnection.php(713): CodeIgniter\Database\MySQLi\Connection->execute('SELECT * FROM p...')
#2 /opt/lampp/htdocs/inventario/system/Database/BaseConnection.php(641): CodeIgniter\Database\BaseConnection->simpleQuery('SELECT * FROM p...')
#3 /opt/lampp/htdocs/inventario/app/Controllers/Crud.php(307): CodeIgniter\Database\BaseConnection->query('SELECT * FROM p...')
#4 /opt/lampp/htdocs/inventario/system/CodeIgniter.php(937): App\Controllers\Crud->search_single_data()
#5 /opt/lampp/htdocs/inventario/system/CodeIgniter.php(432): CodeIgniter\CodeIgniter->runController(Object(App\Controllers\Crud))
#6 /opt/lampp/htdocs/inventario/system/CodeIgniter.php(333): CodeIgniter\CodeIgniter->handleRequest(NULL, Object(Config\Cache), false)
#7 /opt/lampp/htdocs/inventario/index.php(44): CodeIgniter\CodeIgniter->run()
#8 {main}
ERROR - 2022-05-11 12:02:56 --> mysqli_sql_exception: Unknown column '9andar' in 'where clause' in /opt/lampp/htdocs/inventario/system/Database/MySQLi/Connection.php:314
Stack trace:
#0 /opt/lampp/htdocs/inventario/system/Database/MySQLi/Connection.php(314): mysqli->query('SELECT * FROM p...')
#1 /opt/lampp/htdocs/inventario/system/Database/BaseConnection.php(713): CodeIgniter\Database\MySQLi\Connection->execute('SELECT * FROM p...')
#2 /opt/lampp/htdocs/inventario/system/Database/BaseConnection.php(641): CodeIgniter\Database\BaseConnection->simpleQuery('SELECT * FROM p...')
#3 /opt/lampp/htdocs/inventario/app/Controllers/Crud.php(307): CodeIgniter\Database\BaseConnection->query('SELECT * FROM p...')
#4 /opt/lampp/htdocs/inventario/system/CodeIgniter.php(937): App\Controllers\Crud->search_single_data()
#5 /opt/lampp/htdocs/inventario/system/CodeIgniter.php(432): CodeIgniter\CodeIgniter->runController(Object(App\Controllers\Crud))
#6 /opt/lampp/htdocs/inventario/system/CodeIgniter.php(333): CodeIgniter\CodeIgniter->handleRequest(NULL, Object(Config\Cache), false)
#7 /opt/lampp/htdocs/inventario/index.php(44): CodeIgniter\CodeIgniter->run()
#8 {main}
ERROR - 2022-05-11 12:02:57 --> mysqli_sql_exception: Unknown column '9andar' in 'where clause' in /opt/lampp/htdocs/inventario/system/Database/MySQLi/Connection.php:314
Stack trace:
#0 /opt/lampp/htdocs/inventario/system/Database/MySQLi/Connection.php(314): mysqli->query('SELECT * FROM p...')
#1 /opt/lampp/htdocs/inventario/system/Database/BaseConnection.php(713): CodeIgniter\Database\MySQLi\Connection->execute('SELECT * FROM p...')
#2 /opt/lampp/htdocs/inventario/system/Database/BaseConnection.php(641): CodeIgniter\Database\BaseConnection->simpleQuery('SELECT * FROM p...')
#3 /opt/lampp/htdocs/inventario/app/Controllers/Crud.php(307): CodeIgniter\Database\BaseConnection->query('SELECT * FROM p...')
#4 /opt/lampp/htdocs/inventario/system/CodeIgniter.php(937): App\Controllers\Crud->search_single_data()
#5 /opt/lampp/htdocs/inventario/system/CodeIgniter.php(432): CodeIgniter\CodeIgniter->runController(Object(App\Controllers\Crud))
#6 /opt/lampp/htdocs/inventario/system/CodeIgniter.php(333): CodeIgniter\CodeIgniter->handleRequest(NULL, Object(Config\Cache), false)
#7 /opt/lampp/htdocs/inventario/index.php(44): CodeIgniter\CodeIgniter->run()
#8 {main}
ERROR - 2022-05-11 12:04:07 --> mysqli_sql_exception: Unknown column 'terreo' in 'where clause' in /opt/lampp/htdocs/inventario/system/Database/MySQLi/Connection.php:314
Stack trace:
#0 /opt/lampp/htdocs/inventario/system/Database/MySQLi/Connection.php(314): mysqli->query('SELECT * FROM p...')
#1 /opt/lampp/htdocs/inventario/system/Database/BaseConnection.php(713): CodeIgniter\Database\MySQLi\Connection->execute('SELECT * FROM p...')
#2 /opt/lampp/htdocs/inventario/system/Database/BaseConnection.php(641): CodeIgniter\Database\BaseConnection->simpleQuery('SELECT * FROM p...')
#3 /opt/lampp/htdocs/inventario/app/Controllers/Crud.php(307): CodeIgniter\Database\BaseConnection->query('SELECT * FROM p...')
#4 /opt/lampp/htdocs/inventario/system/CodeIgniter.php(937): App\Controllers\Crud->search_single_data()
#5 /opt/lampp/htdocs/inventario/system/CodeIgniter.php(432): CodeIgniter\CodeIgniter->runController(Object(App\Controllers\Crud))
#6 /opt/lampp/htdocs/inventario/system/CodeIgniter.php(333): CodeIgniter\CodeIgniter->handleRequest(NULL, Object(Config\Cache), false)
#7 /opt/lampp/htdocs/inventario/index.php(44): CodeIgniter\CodeIgniter->run()
#8 {main}
ERROR - 2022-05-11 12:04:15 --> mysqli_sql_exception: Unknown column '9andar' in 'where clause' in /opt/lampp/htdocs/inventario/system/Database/MySQLi/Connection.php:314
Stack trace:
#0 /opt/lampp/htdocs/inventario/system/Database/MySQLi/Connection.php(314): mysqli->query('SELECT * FROM p...')
#1 /opt/lampp/htdocs/inventario/system/Database/BaseConnection.php(713): CodeIgniter\Database\MySQLi\Connection->execute('SELECT * FROM p...')
#2 /opt/lampp/htdocs/inventario/system/Database/BaseConnection.php(641): CodeIgniter\Database\BaseConnection->simpleQuery('SELECT * FROM p...')
#3 /opt/lampp/htdocs/inventario/app/Controllers/Crud.php(307): CodeIgniter\Database\BaseConnection->query('SELECT * FROM p...')
#4 /opt/lampp/htdocs/inventario/system/CodeIgniter.php(937): App\Controllers\Crud->search_single_data()
#5 /opt/lampp/htdocs/inventario/system/CodeIgniter.php(432): CodeIgniter\CodeIgniter->runController(Object(App\Controllers\Crud))
#6 /opt/lampp/htdocs/inventario/system/CodeIgniter.php(333): CodeIgniter\CodeIgniter->handleRequest(NULL, Object(Config\Cache), false)
#7 /opt/lampp/htdocs/inventario/index.php(44): CodeIgniter\CodeIgniter->run()
#8 {main}
ERROR - 2022-05-11 12:05:13 --> mysqli_sql_exception: Unknown column '9andar' in 'where clause' in /opt/lampp/htdocs/inventario/system/Database/MySQLi/Connection.php:314
Stack trace:
#0 /opt/lampp/htdocs/inventario/system/Database/MySQLi/Connection.php(314): mysqli->query('SELECT * FROM p...')
#1 /opt/lampp/htdocs/inventario/system/Database/BaseConnection.php(713): CodeIgniter\Database\MySQLi\Connection->execute('SELECT * FROM p...')
#2 /opt/lampp/htdocs/inventario/system/Database/BaseConnection.php(641): CodeIgniter\Database\BaseConnection->simpleQuery('SELECT * FROM p...')
#3 /opt/lampp/htdocs/inventario/app/Controllers/Crud.php(309): CodeIgniter\Database\BaseConnection->query('SELECT * FROM p...')
#4 /opt/lampp/htdocs/inventario/system/CodeIgniter.php(937): App\Controllers\Crud->search_single_data()
#5 /opt/lampp/htdocs/inventario/system/CodeIgniter.php(432): CodeIgniter\CodeIgniter->runController(Object(App\Controllers\Crud))
#6 /opt/lampp/htdocs/inventario/system/CodeIgniter.php(333): CodeIgniter\CodeIgniter->handleRequest(NULL, Object(Config\Cache), false)
#7 /opt/lampp/htdocs/inventario/index.php(44): CodeIgniter\CodeIgniter->run()
#8 {main}
ERROR - 2022-05-11 12:05:18 --> mysqli_sql_exception: Unknown column 'terreo' in 'where clause' in /opt/lampp/htdocs/inventario/system/Database/MySQLi/Connection.php:314
Stack trace:
#0 /opt/lampp/htdocs/inventario/system/Database/MySQLi/Connection.php(314): mysqli->query('SELECT * FROM p...')
#1 /opt/lampp/htdocs/inventario/system/Database/BaseConnection.php(713): CodeIgniter\Database\MySQLi\Connection->execute('SELECT * FROM p...')
#2 /opt/lampp/htdocs/inventario/system/Database/BaseConnection.php(641): CodeIgniter\Database\BaseConnection->simpleQuery('SELECT * FROM p...')
#3 /opt/lampp/htdocs/inventario/app/Controllers/Crud.php(309): CodeIgniter\Database\BaseConnection->query('SELECT * FROM p...')
#4 /opt/lampp/htdocs/inventario/system/CodeIgniter.php(937): App\Controllers\Crud->search_single_data()
#5 /opt/lampp/htdocs/inventario/system/CodeIgniter.php(432): CodeIgniter\CodeIgniter->runController(Object(App\Controllers\Crud))
#6 /opt/lampp/htdocs/inventario/system/CodeIgniter.php(333): CodeIgniter\CodeIgniter->handleRequest(NULL, Object(Config\Cache), false)
#7 /opt/lampp/htdocs/inventario/index.php(44): CodeIgniter\CodeIgniter->run()
#8 {main}
ERROR - 2022-05-11 12:05:55 --> mysqli_sql_exception: Unknown column 'terreo' in 'where clause' in /opt/lampp/htdocs/inventario/system/Database/MySQLi/Connection.php:314
Stack trace:
#0 /opt/lampp/htdocs/inventario/system/Database/MySQLi/Connection.php(314): mysqli->query('SELECT * FROM p...')
#1 /opt/lampp/htdocs/inventario/system/Database/BaseConnection.php(713): CodeIgniter\Database\MySQLi\Connection->execute('SELECT * FROM p...')
#2 /opt/lampp/htdocs/inventario/system/Database/BaseConnection.php(641): CodeIgniter\Database\BaseConnection->simpleQuery('SELECT * FROM p...')
#3 /opt/lampp/htdocs/inventario/app/Controllers/Crud.php(311): CodeIgniter\Database\BaseConnection->query('SELECT * FROM p...')
#4 /opt/lampp/htdocs/inventario/system/CodeIgniter.php(937): App\Controllers\Crud->search_single_data()
#5 /opt/lampp/htdocs/inventario/system/CodeIgniter.php(432): CodeIgniter\CodeIgniter->runController(Object(App\Controllers\Crud))
#6 /opt/lampp/htdocs/inventario/system/CodeIgniter.php(333): CodeIgniter\CodeIgniter->handleRequest(NULL, Object(Config\Cache), false)
#7 /opt/lampp/htdocs/inventario/index.php(44): CodeIgniter\CodeIgniter->run()
#8 {main}
ERROR - 2022-05-11 12:06:28 --> mysqli_sql_exception: Unknown column 'terreo' in 'where clause' in /opt/lampp/htdocs/inventario/system/Database/MySQLi/Connection.php:314
Stack trace:
#0 /opt/lampp/htdocs/inventario/system/Database/MySQLi/Connection.php(314): mysqli->query('SELECT * FROM p...')
#1 /opt/lampp/htdocs/inventario/system/Database/BaseConnection.php(713): CodeIgniter\Database\MySQLi\Connection->execute('SELECT * FROM p...')
#2 /opt/lampp/htdocs/inventario/system/Database/BaseConnection.php(641): CodeIgniter\Database\BaseConnection->simpleQuery('SELECT * FROM p...')
#3 /opt/lampp/htdocs/inventario/app/Controllers/Crud.php(313): CodeIgniter\Database\BaseConnection->query('SELECT * FROM p...')
#4 /opt/lampp/htdocs/inventario/system/CodeIgniter.php(937): App\Controllers\Crud->search_single_data()
#5 /opt/lampp/htdocs/inventario/system/CodeIgniter.php(432): CodeIgniter\CodeIgniter->runController(Object(App\Controllers\Crud))
#6 /opt/lampp/htdocs/inventario/system/CodeIgniter.php(333): CodeIgniter\CodeIgniter->handleRequest(NULL, Object(Config\Cache), false)
#7 /opt/lampp/htdocs/inventario/index.php(44): CodeIgniter\CodeIgniter->run()
#8 {main}
ERROR - 2022-05-11 12:07:02 --> mysqli_sql_exception: Unknown column 'terreo' in 'where clause' in /opt/lampp/htdocs/inventario/system/Database/MySQLi/Connection.php:314
Stack trace:
#0 /opt/lampp/htdocs/inventario/system/Database/MySQLi/Connection.php(314): mysqli->query('SELECT * FROM p...')
#1 /opt/lampp/htdocs/inventario/system/Database/BaseConnection.php(713): CodeIgniter\Database\MySQLi\Connection->execute('SELECT * FROM p...')
#2 /opt/lampp/htdocs/inventario/system/Database/BaseConnection.php(641): CodeIgniter\Database\BaseConnection->simpleQuery('SELECT * FROM p...')
#3 /opt/lampp/htdocs/inventario/app/Controllers/Crud.php(313): CodeIgniter\Database\BaseConnection->query('SELECT * FROM p...')
#4 /opt/lampp/htdocs/inventario/system/CodeIgniter.php(937): App\Controllers\Crud->search_single_data()
#5 /opt/lampp/htdocs/inventario/system/CodeIgniter.php(432): CodeIgniter\CodeIgniter->runController(Object(App\Controllers\Crud))
#6 /opt/lampp/htdocs/inventario/system/CodeIgniter.php(333): CodeIgniter\CodeIgniter->handleRequest(NULL, Object(Config\Cache), false)
#7 /opt/lampp/htdocs/inventario/index.php(44): CodeIgniter\CodeIgniter->run()
#8 {main}
ERROR - 2022-05-11 12:07:05 --> mysqli_sql_exception: Unknown column '9andar' in 'where clause' in /opt/lampp/htdocs/inventario/system/Database/MySQLi/Connection.php:314
Stack trace:
#0 /opt/lampp/htdocs/inventario/system/Database/MySQLi/Connection.php(314): mysqli->query('SELECT * FROM p...')
#1 /opt/lampp/htdocs/inventario/system/Database/BaseConnection.php(713): CodeIgniter\Database\MySQLi\Connection->execute('SELECT * FROM p...')
#2 /opt/lampp/htdocs/inventario/system/Database/BaseConnection.php(641): CodeIgniter\Database\BaseConnection->simpleQuery('SELECT * FROM p...')
#3 /opt/lampp/htdocs/inventario/app/Controllers/Crud.php(313): CodeIgniter\Database\BaseConnection->query('SELECT * FROM p...')
#4 /opt/lampp/htdocs/inventario/system/CodeIgniter.php(937): App\Controllers\Crud->search_single_data()
#5 /opt/lampp/htdocs/inventario/system/CodeIgniter.php(432): CodeIgniter\CodeIgniter->runController(Object(App\Controllers\Crud))
#6 /opt/lampp/htdocs/inventario/system/CodeIgniter.php(333): CodeIgniter\CodeIgniter->handleRequest(NULL, Object(Config\Cache), false)
#7 /opt/lampp/htdocs/inventario/index.php(44): CodeIgniter\CodeIgniter->run()
#8 {main}
ERROR - 2022-05-11 12:07:46 --> mysqli_sql_exception: Unknown column '$local_arquivo' in 'where clause' in /opt/lampp/htdocs/inventario/system/Database/MySQLi/Connection.php:314
Stack trace:
#0 /opt/lampp/htdocs/inventario/system/Database/MySQLi/Connection.php(314): mysqli->query('SELECT * FROM p...')
#1 /opt/lampp/htdocs/inventario/system/Database/BaseConnection.php(713): CodeIgniter\Database\MySQLi\Connection->execute('SELECT * FROM p...')
#2 /opt/lampp/htdocs/inventario/system/Database/BaseConnection.php(641): CodeIgniter\Database\BaseConnection->simpleQuery('SELECT * FROM p...')
#3 /opt/lampp/htdocs/inventario/app/Controllers/Crud.php(313): CodeIgniter\Database\BaseConnection->query('SELECT * FROM p...')
#4 /opt/lampp/htdocs/inventario/system/CodeIgniter.php(937): App\Controllers\Crud->search_single_data()
#5 /opt/lampp/htdocs/inventario/system/CodeIgniter.php(432): CodeIgniter\CodeIgniter->runController(Object(App\Controllers\Crud))
#6 /opt/lampp/htdocs/inventario/system/CodeIgniter.php(333): CodeIgniter\CodeIgniter->handleRequest(NULL, Object(Config\Cache), false)
#7 /opt/lampp/htdocs/inventario/index.php(44): CodeIgniter\CodeIgniter->run()
#8 {main}
ERROR - 2022-05-11 12:08:06 --> mysqli_sql_exception: Unknown column '9andar' in 'where clause' in /opt/lampp/htdocs/inventario/system/Database/MySQLi/Connection.php:314
Stack trace:
#0 /opt/lampp/htdocs/inventario/system/Database/MySQLi/Connection.php(314): mysqli->query('SELECT * FROM p...')
#1 /opt/lampp/htdocs/inventario/system/Database/BaseConnection.php(713): CodeIgniter\Database\MySQLi\Connection->execute('SELECT * FROM p...')
#2 /opt/lampp/htdocs/inventario/system/Database/BaseConnection.php(641): CodeIgniter\Database\BaseConnection->simpleQuery('SELECT * FROM p...')
#3 /opt/lampp/htdocs/inventario/app/Controllers/Crud.php(313): CodeIgniter\Database\BaseConnection->query('SELECT * FROM p...')
#4 /opt/lampp/htdocs/inventario/system/CodeIgniter.php(937): App\Controllers\Crud->search_single_data()
#5 /opt/lampp/htdocs/inventario/system/CodeIgniter.php(432): CodeIgniter\CodeIgniter->runController(Object(App\Controllers\Crud))
#6 /opt/lampp/htdocs/inventario/system/CodeIgniter.php(333): CodeIgniter\CodeIgniter->handleRequest(NULL, Object(Config\Cache), false)
#7 /opt/lampp/htdocs/inventario/index.php(44): CodeIgniter\CodeIgniter->run()
#8 {main}
ERROR - 2022-05-11 12:11:11 --> mysqli_sql_exception: You have an error in your SQL syntax; check the manual that corresponds to your MariaDB server version for the right syntax to use near '' at line 1 in /opt/lampp/htdocs/inventario/system/Database/MySQLi/Connection.php:314
Stack trace:
#0 /opt/lampp/htdocs/inventario/system/Database/MySQLi/Connection.php(314): mysqli->query('SELECT * FROM p...')
#1 /opt/lampp/htdocs/inventario/system/Database/BaseConnection.php(713): CodeIgniter\Database\MySQLi\Connection->execute('SELECT * FROM p...')
#2 /opt/lampp/htdocs/inventario/system/Database/BaseConnection.php(641): CodeIgniter\Database\BaseConnection->simpleQuery('SELECT * FROM p...')
#3 /opt/lampp/htdocs/inventario/app/Controllers/Crud.php(309): CodeIgniter\Database\BaseConnection->query('SELECT * FROM p...')
#4 /opt/lampp/htdocs/inventario/system/CodeIgniter.php(937): App\Controllers\Crud->search_single_data()
#5 /opt/lampp/htdocs/inventario/system/CodeIgniter.php(432): CodeIgniter\CodeIgniter->runController(Object(App\Controllers\Crud))
#6 /opt/lampp/htdocs/inventario/system/CodeIgniter.php(333): CodeIgniter\CodeIgniter->handleRequest(NULL, Object(Config\Cache), false)
#7 /opt/lampp/htdocs/inventario/index.php(44): CodeIgniter\CodeIgniter->run()
#8 {main}
