CRITICAL - 2022-05-25 09:37:59 --> Call to undefined function App\Controllers\tostring()
#0 /opt/lampp/htdocs/inventario/system/CodeIgniter.php(937): App\Controllers\Produtividade->index()
#1 /opt/lampp/htdocs/inventario/system/CodeIgniter.php(432): CodeIgniter\CodeIgniter->runController(Object(App\Controllers\Produtividade))
#2 /opt/lampp/htdocs/inventario/system/CodeIgniter.php(333): CodeIgniter\CodeIgniter->handleRequest(NULL, Object(Config\Cache), false)
#3 /opt/lampp/htdocs/inventario/index.php(44): CodeIgniter\CodeIgniter->run()
#4 {main}
CRITICAL - 2022-05-25 09:42:17 --> syntax error, unexpected '}'
#0 /opt/lampp/htdocs/inventario/system/Autoloader/Autoloader.php(265): CodeIgniter\Autoloader\Autoloader->includeFile('/opt/lampp/htdo...')
#1 /opt/lampp/htdocs/inventario/system/Autoloader/Autoloader.php(228): CodeIgniter\Autoloader\Autoloader->loadInNamespace('App\\Controllers...')
#2 [internal function]: CodeIgniter\Autoloader\Autoloader->loadClass('App\\Controllers...')
#3 [internal function]: spl_autoload_call('App\\Controllers...')
#4 /opt/lampp/htdocs/inventario/system/CodeIgniter.php(894): class_exists('\\App\\Controller...', true)
#5 /opt/lampp/htdocs/inventario/system/CodeIgniter.php(417): CodeIgniter\CodeIgniter->startController()
#6 /opt/lampp/htdocs/inventario/system/CodeIgniter.php(333): CodeIgniter\CodeIgniter->handleRequest(NULL, Object(Config\Cache), false)
#7 /opt/lampp/htdocs/inventario/index.php(44): CodeIgniter\CodeIgniter->run()
#8 {main}
CRITICAL - 2022-05-25 09:43:05 --> Use of undefined constant qtd_processos - assumed 'qtd_processos' (this will throw an Error in a future version of PHP)
#0 /opt/lampp/htdocs/inventario/app/Controllers/Produtividade.php(32): CodeIgniter\Debug\Exceptions->errorHandler(2, 'Use of undefine...', '/opt/lampp/htdo...', 32, Array)
#1 /opt/lampp/htdocs/inventario/system/CodeIgniter.php(937): App\Controllers\Produtividade->index()
#2 /opt/lampp/htdocs/inventario/system/CodeIgniter.php(432): CodeIgniter\CodeIgniter->runController(Object(App\Controllers\Produtividade))
#3 /opt/lampp/htdocs/inventario/system/CodeIgniter.php(333): CodeIgniter\CodeIgniter->handleRequest(NULL, Object(Config\Cache), false)
#4 /opt/lampp/htdocs/inventario/index.php(44): CodeIgniter\CodeIgniter->run()
#5 {main}
CRITICAL - 2022-05-25 10:08:31 --> Call to undefined function set_value()
#0 /opt/lampp/htdocs/inventario/system/View/View.php(220): include()
#1 /opt/lampp/htdocs/inventario/system/View/View.php(222): CodeIgniter\View\View->CodeIgniter\View\{closure}()
#2 /opt/lampp/htdocs/inventario/system/Common.php(1217): CodeIgniter\View\View->render('gerir_produtivi...', Array, true)
#3 /opt/lampp/htdocs/inventario/app/Views/innerpages/template.php(4): view('gerir_produtivi...')
#4 /opt/lampp/htdocs/inventario/system/View/View.php(220): include('/opt/lampp/htdo...')
#5 /opt/lampp/htdocs/inventario/system/View/View.php(222): CodeIgniter\View\View->CodeIgniter\View\{closure}()
#6 /opt/lampp/htdocs/inventario/system/Common.php(1217): CodeIgniter\View\View->render('innerpages/temp...', Array, true)
#7 /opt/lampp/htdocs/inventario/app/Controllers/Produtividade.php(47): view('innerpages/temp...', Array)
#8 /opt/lampp/htdocs/inventario/system/CodeIgniter.php(937): App\Controllers\Produtividade->index()
#9 /opt/lampp/htdocs/inventario/system/CodeIgniter.php(432): CodeIgniter\CodeIgniter->runController(Object(App\Controllers\Produtividade))
#10 /opt/lampp/htdocs/inventario/system/CodeIgniter.php(333): CodeIgniter\CodeIgniter->handleRequest(NULL, Object(Config\Cache), false)
#11 /opt/lampp/htdocs/inventario/index.php(44): CodeIgniter\CodeIgniter->run()
#12 {main}
CRITICAL - 2022-05-25 10:09:59 --> Call to undefined function set_value()
#0 /opt/lampp/htdocs/inventario/system/View/View.php(220): include()
#1 /opt/lampp/htdocs/inventario/system/View/View.php(222): CodeIgniter\View\View->CodeIgniter\View\{closure}()
#2 /opt/lampp/htdocs/inventario/system/Common.php(1217): CodeIgniter\View\View->render('gerir_produtivi...', Array, true)
#3 /opt/lampp/htdocs/inventario/app/Views/innerpages/template.php(4): view('gerir_produtivi...')
#4 /opt/lampp/htdocs/inventario/system/View/View.php(220): include('/opt/lampp/htdo...')
#5 /opt/lampp/htdocs/inventario/system/View/View.php(222): CodeIgniter\View\View->CodeIgniter\View\{closure}()
#6 /opt/lampp/htdocs/inventario/system/Common.php(1217): CodeIgniter\View\View->render('innerpages/temp...', Array, true)
#7 /opt/lampp/htdocs/inventario/app/Controllers/Produtividade.php(47): view('innerpages/temp...', Array)
#8 /opt/lampp/htdocs/inventario/system/CodeIgniter.php(937): App\Controllers\Produtividade->index()
#9 /opt/lampp/htdocs/inventario/system/CodeIgniter.php(432): CodeIgniter\CodeIgniter->runController(Object(App\Controllers\Produtividade))
#10 /opt/lampp/htdocs/inventario/system/CodeIgniter.php(333): CodeIgniter\CodeIgniter->handleRequest(NULL, Object(Config\Cache), false)
#11 /opt/lampp/htdocs/inventario/index.php(44): CodeIgniter\CodeIgniter->run()
#12 {main}
CRITICAL - 2022-05-25 10:10:42 --> Call to undefined function set_value()
#0 /opt/lampp/htdocs/inventario/system/View/View.php(220): include()
#1 /opt/lampp/htdocs/inventario/system/View/View.php(222): CodeIgniter\View\View->CodeIgniter\View\{closure}()
#2 /opt/lampp/htdocs/inventario/system/Common.php(1217): CodeIgniter\View\View->render('gerir_produtivi...', Array, true)
#3 /opt/lampp/htdocs/inventario/app/Views/innerpages/template.php(4): view('gerir_produtivi...')
#4 /opt/lampp/htdocs/inventario/system/View/View.php(220): include('/opt/lampp/htdo...')
#5 /opt/lampp/htdocs/inventario/system/View/View.php(222): CodeIgniter\View\View->CodeIgniter\View\{closure}()
#6 /opt/lampp/htdocs/inventario/system/Common.php(1217): CodeIgniter\View\View->render('innerpages/temp...', Array, true)
#7 /opt/lampp/htdocs/inventario/app/Controllers/Produtividade.php(47): view('innerpages/temp...', Array)
#8 /opt/lampp/htdocs/inventario/system/CodeIgniter.php(937): App\Controllers\Produtividade->index()
#9 /opt/lampp/htdocs/inventario/system/CodeIgniter.php(432): CodeIgniter\CodeIgniter->runController(Object(App\Controllers\Produtividade))
#10 /opt/lampp/htdocs/inventario/system/CodeIgniter.php(333): CodeIgniter\CodeIgniter->handleRequest(NULL, Object(Config\Cache), false)
#11 /opt/lampp/htdocs/inventario/index.php(44): CodeIgniter\CodeIgniter->run()
#12 {main}
CRITICAL - 2022-05-25 10:10:44 --> Call to undefined function set_value()
#0 /opt/lampp/htdocs/inventario/system/View/View.php(220): include()
#1 /opt/lampp/htdocs/inventario/system/View/View.php(222): CodeIgniter\View\View->CodeIgniter\View\{closure}()
#2 /opt/lampp/htdocs/inventario/system/Common.php(1217): CodeIgniter\View\View->render('gerir_produtivi...', Array, true)
#3 /opt/lampp/htdocs/inventario/app/Views/innerpages/template.php(4): view('gerir_produtivi...')
#4 /opt/lampp/htdocs/inventario/system/View/View.php(220): include('/opt/lampp/htdo...')
#5 /opt/lampp/htdocs/inventario/system/View/View.php(222): CodeIgniter\View\View->CodeIgniter\View\{closure}()
#6 /opt/lampp/htdocs/inventario/system/Common.php(1217): CodeIgniter\View\View->render('innerpages/temp...', Array, true)
#7 /opt/lampp/htdocs/inventario/app/Controllers/Produtividade.php(47): view('innerpages/temp...', Array)
#8 /opt/lampp/htdocs/inventario/system/CodeIgniter.php(937): App\Controllers\Produtividade->index()
#9 /opt/lampp/htdocs/inventario/system/CodeIgniter.php(432): CodeIgniter\CodeIgniter->runController(Object(App\Controllers\Produtividade))
#10 /opt/lampp/htdocs/inventario/system/CodeIgniter.php(333): CodeIgniter\CodeIgniter->handleRequest(NULL, Object(Config\Cache), false)
#11 /opt/lampp/htdocs/inventario/index.php(44): CodeIgniter\CodeIgniter->run()
#12 {main}
CRITICAL - 2022-05-25 10:11:02 --> Call to undefined function set_value()
#0 /opt/lampp/htdocs/inventario/system/View/View.php(220): include()
#1 /opt/lampp/htdocs/inventario/system/View/View.php(222): CodeIgniter\View\View->CodeIgniter\View\{closure}()
#2 /opt/lampp/htdocs/inventario/system/Common.php(1217): CodeIgniter\View\View->render('gerir_produtivi...', Array, true)
#3 /opt/lampp/htdocs/inventario/app/Views/innerpages/template.php(4): view('gerir_produtivi...')
#4 /opt/lampp/htdocs/inventario/system/View/View.php(220): include('/opt/lampp/htdo...')
#5 /opt/lampp/htdocs/inventario/system/View/View.php(222): CodeIgniter\View\View->CodeIgniter\View\{closure}()
#6 /opt/lampp/htdocs/inventario/system/Common.php(1217): CodeIgniter\View\View->render('innerpages/temp...', Array, true)
#7 /opt/lampp/htdocs/inventario/app/Controllers/Produtividade.php(47): view('innerpages/temp...', Array)
#8 /opt/lampp/htdocs/inventario/system/CodeIgniter.php(937): App\Controllers\Produtividade->index()
#9 /opt/lampp/htdocs/inventario/system/CodeIgniter.php(432): CodeIgniter\CodeIgniter->runController(Object(App\Controllers\Produtividade))
#10 /opt/lampp/htdocs/inventario/system/CodeIgniter.php(333): CodeIgniter\CodeIgniter->handleRequest(NULL, Object(Config\Cache), false)
#11 /opt/lampp/htdocs/inventario/index.php(44): CodeIgniter\CodeIgniter->run()
#12 {main}
CRITICAL - 2022-05-25 10:11:38 --> Call to undefined function set_value()
#0 /opt/lampp/htdocs/inventario/system/View/View.php(220): include()
#1 /opt/lampp/htdocs/inventario/system/View/View.php(222): CodeIgniter\View\View->CodeIgniter\View\{closure}()
#2 /opt/lampp/htdocs/inventario/system/Common.php(1217): CodeIgniter\View\View->render('gerir_produtivi...', Array, true)
#3 /opt/lampp/htdocs/inventario/app/Views/innerpages/template.php(4): view('gerir_produtivi...')
#4 /opt/lampp/htdocs/inventario/system/View/View.php(220): include('/opt/lampp/htdo...')
#5 /opt/lampp/htdocs/inventario/system/View/View.php(222): CodeIgniter\View\View->CodeIgniter\View\{closure}()
#6 /opt/lampp/htdocs/inventario/system/Common.php(1217): CodeIgniter\View\View->render('innerpages/temp...', Array, true)
#7 /opt/lampp/htdocs/inventario/app/Controllers/Produtividade.php(47): view('innerpages/temp...', Array)
#8 /opt/lampp/htdocs/inventario/system/CodeIgniter.php(937): App\Controllers\Produtividade->index()
#9 /opt/lampp/htdocs/inventario/system/CodeIgniter.php(432): CodeIgniter\CodeIgniter->runController(Object(App\Controllers\Produtividade))
#10 /opt/lampp/htdocs/inventario/system/CodeIgniter.php(333): CodeIgniter\CodeIgniter->handleRequest(NULL, Object(Config\Cache), false)
#11 /opt/lampp/htdocs/inventario/index.php(44): CodeIgniter\CodeIgniter->run()
#12 {main}
CRITICAL - 2022-05-25 10:11:39 --> Call to undefined function set_value()
#0 /opt/lampp/htdocs/inventario/system/View/View.php(220): include()
#1 /opt/lampp/htdocs/inventario/system/View/View.php(222): CodeIgniter\View\View->CodeIgniter\View\{closure}()
#2 /opt/lampp/htdocs/inventario/system/Common.php(1217): CodeIgniter\View\View->render('gerir_produtivi...', Array, true)
#3 /opt/lampp/htdocs/inventario/app/Views/innerpages/template.php(4): view('gerir_produtivi...')
#4 /opt/lampp/htdocs/inventario/system/View/View.php(220): include('/opt/lampp/htdo...')
#5 /opt/lampp/htdocs/inventario/system/View/View.php(222): CodeIgniter\View\View->CodeIgniter\View\{closure}()
#6 /opt/lampp/htdocs/inventario/system/Common.php(1217): CodeIgniter\View\View->render('innerpages/temp...', Array, true)
#7 /opt/lampp/htdocs/inventario/app/Controllers/Produtividade.php(47): view('innerpages/temp...', Array)
#8 /opt/lampp/htdocs/inventario/system/CodeIgniter.php(937): App\Controllers\Produtividade->index()
#9 /opt/lampp/htdocs/inventario/system/CodeIgniter.php(432): CodeIgniter\CodeIgniter->runController(Object(App\Controllers\Produtividade))
#10 /opt/lampp/htdocs/inventario/system/CodeIgniter.php(333): CodeIgniter\CodeIgniter->handleRequest(NULL, Object(Config\Cache), false)
#11 /opt/lampp/htdocs/inventario/index.php(44): CodeIgniter\CodeIgniter->run()
#12 {main}
