ERROR - 2021-11-08 11:23:41 --> mysqli_sql_exception: You have an error in your SQL syntax; check the manual that corresponds to your MariaDB server version for the right syntax to use near '' at line 1 in /opt/lampp/htdocs/inventario/system/Database/MySQLi/Connection.php:314
Stack trace:
#0 /opt/lampp/htdocs/inventario/system/Database/MySQLi/Connection.php(314): mysqli->query('SELECT * FROM s...')
#1 /opt/lampp/htdocs/inventario/system/Database/BaseConnection.php(713): CodeIgniter\Database\MySQLi\Connection->execute('SELECT * FROM s...')
#2 /opt/lampp/htdocs/inventario/system/Database/BaseConnection.php(641): CodeIgniter\Database\BaseConnection->simpleQuery('SELECT * FROM s...')
#3 /opt/lampp/htdocs/inventario/app/Controllers/Usuarios.php(74): CodeIgniter\Database\BaseConnection->query('SELECT * FROM s...')
#4 /opt/lampp/htdocs/inventario/system/CodeIgniter.php(937): App\Controllers\Usuarios->search_single_data()
#5 /opt/lampp/htdocs/inventario/system/CodeIgniter.php(432): CodeIgniter\CodeIgniter->runController(Object(App\Controllers\Usuarios))
#6 /opt/lampp/htdocs/inventario/system/CodeIgniter.php(333): CodeIgniter\CodeIgniter->handleRequest(NULL, Object(Config\Cache), false)
#7 /opt/lampp/htdocs/inventario/index.php(44): CodeIgniter\CodeIgniter->run()
#8 {main}
ERROR - 2021-11-08 11:23:48 --> mysqli_sql_exception: You have an error in your SQL syntax; check the manual that corresponds to your MariaDB server version for the right syntax to use near '' at line 1 in /opt/lampp/htdocs/inventario/system/Database/MySQLi/Connection.php:314
Stack trace:
#0 /opt/lampp/htdocs/inventario/system/Database/MySQLi/Connection.php(314): mysqli->query('SELECT * FROM s...')
#1 /opt/lampp/htdocs/inventario/system/Database/BaseConnection.php(713): CodeIgniter\Database\MySQLi\Connection->execute('SELECT * FROM s...')
#2 /opt/lampp/htdocs/inventario/system/Database/BaseConnection.php(641): CodeIgniter\Database\BaseConnection->simpleQuery('SELECT * FROM s...')
#3 /opt/lampp/htdocs/inventario/app/Controllers/Usuarios.php(74): CodeIgniter\Database\BaseConnection->query('SELECT * FROM s...')
#4 /opt/lampp/htdocs/inventario/system/CodeIgniter.php(937): App\Controllers\Usuarios->search_single_data()
#5 /opt/lampp/htdocs/inventario/system/CodeIgniter.php(432): CodeIgniter\CodeIgniter->runController(Object(App\Controllers\Usuarios))
#6 /opt/lampp/htdocs/inventario/system/CodeIgniter.php(333): CodeIgniter\CodeIgniter->handleRequest(NULL, Object(Config\Cache), false)
#7 /opt/lampp/htdocs/inventario/index.php(44): CodeIgniter\CodeIgniter->run()
#8 {main}
ERROR - 2021-11-08 11:25:01 --> mysqli_sql_exception: Unknown column 'email' in 'where clause' in /opt/lampp/htdocs/inventario/system/Database/MySQLi/Connection.php:314
Stack trace:
#0 /opt/lampp/htdocs/inventario/system/Database/MySQLi/Connection.php(314): mysqli->query('SELECT * FROM s...')
#1 /opt/lampp/htdocs/inventario/system/Database/BaseConnection.php(713): CodeIgniter\Database\MySQLi\Connection->execute('SELECT * FROM s...')
#2 /opt/lampp/htdocs/inventario/system/Database/BaseConnection.php(641): CodeIgniter\Database\BaseConnection->simpleQuery('SELECT * FROM s...')
#3 /opt/lampp/htdocs/inventario/app/Controllers/Usuarios.php(74): CodeIgniter\Database\BaseConnection->query('SELECT * FROM s...')
#4 /opt/lampp/htdocs/inventario/system/CodeIgniter.php(937): App\Controllers\Usuarios->search_single_data()
#5 /opt/lampp/htdocs/inventario/system/CodeIgniter.php(432): CodeIgniter\CodeIgniter->runController(Object(App\Controllers\Usuarios))
#6 /opt/lampp/htdocs/inventario/system/CodeIgniter.php(333): CodeIgniter\CodeIgniter->handleRequest(NULL, Object(Config\Cache), false)
#7 /opt/lampp/htdocs/inventario/index.php(44): CodeIgniter\CodeIgniter->run()
#8 {main}
CRITICAL - 2021-11-08 11:29:23 --> Call to undefined function set_value()
#0 /opt/lampp/htdocs/inventario/system/View/View.php(220): include()
#1 /opt/lampp/htdocs/inventario/system/View/View.php(222): CodeIgniter\View\View->CodeIgniter\View\{closure}()
#2 /opt/lampp/htdocs/inventario/system/Common.php(1217): CodeIgniter\View\View->render('gerir_usuarios', Array, true)
#3 /opt/lampp/htdocs/inventario/app/Views/innerpages/template.php(4): view('gerir_usuarios')
#4 /opt/lampp/htdocs/inventario/system/View/View.php(220): include('/opt/lampp/htdo...')
#5 /opt/lampp/htdocs/inventario/system/View/View.php(222): CodeIgniter\View\View->CodeIgniter\View\{closure}()
#6 /opt/lampp/htdocs/inventario/system/Common.php(1217): CodeIgniter\View\View->render('innerpages/temp...', Array, true)
#7 /opt/lampp/htdocs/inventario/app/Controllers/Usuarios.php(32): view('innerpages/temp...', Array)
#8 /opt/lampp/htdocs/inventario/system/CodeIgniter.php(937): App\Controllers\Usuarios->index()
#9 /opt/lampp/htdocs/inventario/system/CodeIgniter.php(432): CodeIgniter\CodeIgniter->runController(Object(App\Controllers\Usuarios))
#10 /opt/lampp/htdocs/inventario/system/CodeIgniter.php(333): CodeIgniter\CodeIgniter->handleRequest(NULL, Object(Config\Cache), false)
#11 /opt/lampp/htdocs/inventario/index.php(44): CodeIgniter\CodeIgniter->run()
#12 {main}
CRITICAL - 2021-11-08 11:29:56 --> Call to undefined function set_value()
#0 /opt/lampp/htdocs/inventario/system/View/View.php(220): include()
#1 /opt/lampp/htdocs/inventario/system/View/View.php(222): CodeIgniter\View\View->CodeIgniter\View\{closure}()
#2 /opt/lampp/htdocs/inventario/system/Common.php(1217): CodeIgniter\View\View->render('gerir_usuarios', Array, true)
#3 /opt/lampp/htdocs/inventario/app/Views/innerpages/template.php(4): view('gerir_usuarios')
#4 /opt/lampp/htdocs/inventario/system/View/View.php(220): include('/opt/lampp/htdo...')
#5 /opt/lampp/htdocs/inventario/system/View/View.php(222): CodeIgniter\View\View->CodeIgniter\View\{closure}()
#6 /opt/lampp/htdocs/inventario/system/Common.php(1217): CodeIgniter\View\View->render('innerpages/temp...', Array, true)
#7 /opt/lampp/htdocs/inventario/app/Controllers/Usuarios.php(32): view('innerpages/temp...', Array)
#8 /opt/lampp/htdocs/inventario/system/CodeIgniter.php(937): App\Controllers\Usuarios->index()
#9 /opt/lampp/htdocs/inventario/system/CodeIgniter.php(432): CodeIgniter\CodeIgniter->runController(Object(App\Controllers\Usuarios))
#10 /opt/lampp/htdocs/inventario/system/CodeIgniter.php(333): CodeIgniter\CodeIgniter->handleRequest(NULL, Object(Config\Cache), false)
#11 /opt/lampp/htdocs/inventario/index.php(44): CodeIgniter\CodeIgniter->run()
#12 {main}
CRITICAL - 2021-11-08 11:30:20 --> Call to undefined function set_value()
#0 /opt/lampp/htdocs/inventario/system/View/View.php(220): include()
#1 /opt/lampp/htdocs/inventario/system/View/View.php(222): CodeIgniter\View\View->CodeIgniter\View\{closure}()
#2 /opt/lampp/htdocs/inventario/system/Common.php(1217): CodeIgniter\View\View->render('gerir_usuarios', Array, true)
#3 /opt/lampp/htdocs/inventario/app/Views/innerpages/template.php(4): view('gerir_usuarios')
#4 /opt/lampp/htdocs/inventario/system/View/View.php(220): include('/opt/lampp/htdo...')
#5 /opt/lampp/htdocs/inventario/system/View/View.php(222): CodeIgniter\View\View->CodeIgniter\View\{closure}()
#6 /opt/lampp/htdocs/inventario/system/Common.php(1217): CodeIgniter\View\View->render('innerpages/temp...', Array, true)
#7 /opt/lampp/htdocs/inventario/app/Controllers/Usuarios.php(32): view('innerpages/temp...', Array)
#8 /opt/lampp/htdocs/inventario/system/CodeIgniter.php(937): App\Controllers\Usuarios->index()
#9 /opt/lampp/htdocs/inventario/system/CodeIgniter.php(432): CodeIgniter\CodeIgniter->runController(Object(App\Controllers\Usuarios))
#10 /opt/lampp/htdocs/inventario/system/CodeIgniter.php(333): CodeIgniter\CodeIgniter->handleRequest(NULL, Object(Config\Cache), false)
#11 /opt/lampp/htdocs/inventario/index.php(44): CodeIgniter\CodeIgniter->run()
#12 {main}
CRITICAL - 2021-11-08 11:31:11 --> Call to undefined function set_value()
#0 /opt/lampp/htdocs/inventario/system/View/View.php(220): include()
#1 /opt/lampp/htdocs/inventario/system/View/View.php(222): CodeIgniter\View\View->CodeIgniter\View\{closure}()
#2 /opt/lampp/htdocs/inventario/system/Common.php(1217): CodeIgniter\View\View->render('gerir_usuarios', Array, true)
#3 /opt/lampp/htdocs/inventario/app/Views/innerpages/template.php(4): view('gerir_usuarios')
#4 /opt/lampp/htdocs/inventario/system/View/View.php(220): include('/opt/lampp/htdo...')
#5 /opt/lampp/htdocs/inventario/system/View/View.php(222): CodeIgniter\View\View->CodeIgniter\View\{closure}()
#6 /opt/lampp/htdocs/inventario/system/Common.php(1217): CodeIgniter\View\View->render('innerpages/temp...', Array, true)
#7 /opt/lampp/htdocs/inventario/app/Controllers/Usuarios.php(32): view('innerpages/temp...', Array)
#8 /opt/lampp/htdocs/inventario/system/CodeIgniter.php(937): App\Controllers\Usuarios->index()
#9 /opt/lampp/htdocs/inventario/system/CodeIgniter.php(432): CodeIgniter\CodeIgniter->runController(Object(App\Controllers\Usuarios))
#10 /opt/lampp/htdocs/inventario/system/CodeIgniter.php(333): CodeIgniter\CodeIgniter->handleRequest(NULL, Object(Config\Cache), false)
#11 /opt/lampp/htdocs/inventario/index.php(44): CodeIgniter\CodeIgniter->run()
#12 {main}
